<?xml version="1.0" encoding="UTF-8"?>
<!-- Generated by org.testng.reporters.JUnitReportReporter -->
<testsuite hostname="LAPTOP-SDBC8894" failures="0" tests="2" name="Tests.TestValidation" time="22.861" errors="0" timestamp="2022-09-15T12:09:00 IST" skipped="0">
  <testcase classname="Tests.TestValidation" name="imdbTest" time="16.616"/>
  <system-out/>
  <testcase classname="Tests.TestValidation" name="wikiTest" time="6.245"/>
  <system-out/>
</testsuite> <!-- Tests.TestValidation -->
